1769802821274940863 1 0 
1769802821274941275 1 1 
1769802821274941461 1 2 
1769802821274941616 1 3 
1769802821274941769 1 4 
1769802821274941922 1 5 
1769802821274942076 1 6 
1769802821274942228 1 7 
1769802821274942380 1 8 
1769802821274942533 1 9 
1769802821274942685 1 10 
1769802821274942838 1 11 
1769802821274942990 1 12 
1769802821274943143 1 13 
1769802821274943296 1 14 
1769802821274943448 1 15 
1769802821274943601 1 16 
1769802821274943753 1 17 
1769802821274943906 1 18 
1769802821274944059 1 19 
1769802821274944212 1 20 
1769802821274944365 1 21 
1769802821274944517 1 22 
1769802821274944669 1 23 
1769802821274944823 1 24 
1769802821274944975 1 25 
1769802821274945127 1 26 
1769802821274945281 1 27 
1769802821274945434 1 28 
1769802821274945586 1 29 
1769802821274945739 1 30 
1769802821274945892 1 31 
1769802821274946044 1 32 
1769802821274946196 1 33 
1769802821274946350 1 34 
1769802821274946503 1 35 
1769802821274946655 1 36 
1769802821274946807 1 37 
1769802821274946960 1 38 
1769802821274947114 1 39 
1769802821274947267 1 40 
1769802821274947419 1 41 
1769802821274947571 1 42 
1769802821274947725 1 43 
1769802821274947878 1 44 
1769802821274948030 1 45 
1769802821274948184 1 46 
1769802821274948337 1 47 
1769802821274948489 1 48 
1769802821274948641 1 49 
1769802821274941130 2 0 
1769802821274941321 2 2 
1769802821274941506 2 4 
1769802821274941662 2 6 
1769802821274941815 2 8 
1769802821274941968 2 10 
1769802821274942120 2 12 
1769802821274942272 2 14 
1769802821274942424 2 16 
1769802821274942578 2 18 
1769802821274942730 2 20 
1769802821274942883 2 22 
1769802821274943035 2 24 
1769802821274943188 2 26 
1769802821274943340 2 28 
1769802821274943493 2 30 
1769802821274943645 2 32 
1769802821274943797 2 34 
1769802821274943951 2 36 
1769802821274944104 2 38 
1769802821274944256 2 40 
1769802821274944408 2 42 
1769802821274944561 2 44 
1769802821274944715 2 46 
1769802821274944867 2 48 
1769802821274945021 2 50 
1769802821274945172 2 52 
1769802821274945325 2 54 
1769802821274945478 2 56 
1769802821274945630 2 58 
1769802821274945784 2 60 
1769802821274945936 2 62 
1769802821274946089 2 64 
1769802821274946242 2 66 
1769802821274946395 2 68 
1769802821274946547 2 70 
1769802821274946700 2 72 
1769802821274946853 2 74 
1769802821274947005 2 76 
1769802821274947158 2 78 
1769802821274947311 2 80 
1769802821274947463 2 82 
1769802821274947616 2 84 
1769802821274947769 2 86 
1769802821274947923 2 88 
1769802821274948075 2 90 
1769802821274948228 2 92 
1769802821274948381 2 94 
1769802821274948534 2 96 
1769802821274948686 2 98 
1769802821274941177 3 0 
1769802821274941366 3 5 
1769802821274941552 3 10 
1769802821274941707 3 15 
1769802821274941860 3 20 
1769802821274942012 3 25 
1769802821274942164 3 30 
1769802821274942317 3 35 
1769802821274942469 3 40 
1769802821274942622 3 45 
1769802821274942775 3 50 
1769802821274942927 3 55 
1769802821274943080 3 60 
1769802821274943233 3 65 
1769802821274943385 3 70 
1769802821274943539 3 75 
1769802821274943691 3 80 
1769802821274943843 3 85 
1769802821274943996 3 90 
1769802821274944148 3 95 
1769802821274944300 3 100 
1769802821274944454 3 105 
1769802821274944606 3 110 
1769802821274944760 3 115 
1769802821274944911 3 120 
1769802821274945065 3 125 
1769802821274945217 3 130 
1769802821274945371 3 135 
1769802821274945523 3 140 
1769802821274945676 3 145 
1769802821274945828 3 150 
1769802821274945982 3 155 
1769802821274946134 3 160 
1769802821274946287 3 165 
1769802821274946439 3 170 
1769802821274946592 3 175 
1769802821274946744 3 180 
1769802821274946898 3 185 
1769802821274947050 3 190 
1769802821274947203 3 195 
1769802821274947355 3 200 
1769802821274947509 3 205 
1769802821274947661 3 210 
1769802821274947815 3 215 
1769802821274947967 3 220 
1769802821274948120 3 225 
1769802821274948273 3 230 
1769802821274948426 3 235 
1769802821274948580 3 240 
1769802821274948731 3 245 
